<?xml version="1.0" encoding="UTF-8"?>
<!-- Generated by org.testng.reporters.JUnitReportReporter -->
<testsuite hostname="DESKTOP-S5E7TGE" failures="0" tests="1" name="com.project.testCases.TC_SignupPage" time="14.526" errors="0" timestamp="2024-01-24T22:18:06 PKT" skipped="0">
  <testcase classname="com.project.testCases.TC_SignupPage" name="VerifySignUp" time="14.526"/>
</testsuite> <!-- com.project.testCases.TC_SignupPage -->
