<?xml version="1.0" encoding="UTF-8"?>
<!-- Generated by org.testng.reporters.JUnitReportReporter -->
<testsuite hostname="DESKTOP-S5E7TGE" failures="0" tests="1" name="com.project.testCases.TC_LoginPage" time="10.987" errors="0" timestamp="2024-01-24T21:08:29 PKT" skipped="0">
  <testcase classname="com.project.testCases.TC_LoginPage" name="verifyLogin" time="10.987"/>
</testsuite> <!-- com.project.testCases.TC_LoginPage -->
